<?xml version="1.0" encoding="UTF-8"?>
<!-- Generated by org.testng.reporters.JUnitXMLReporter -->
<testsuite ignored="2" hostname="DESKTOP-5KK9CUH" failures="2" tests="2" name="EdgeTest" time="6.914" errors="0" timestamp="2026-03-10T16:21:00 IST">
  <testcase classname="testScript.LoginTest" name="verifiedUserIsAbleToLoginWithValidCredential" time="0.705">
    <failure type="org.apache.poi.openxml4j.exceptions.NotOfficeXmlFileException" message="No valid entries or contents found, this is not a valid OOXML (Office Open XML) file">
      <![CDATA[org.apache.poi.openxml4j.exceptions.NotOfficeXmlFileException: No valid entries or contents found, this is not a valid OOXML (Office Open XML) file
at org.apache.poi.openxml4j.opc.ZipPackage.getPartsImpl(ZipPackage.java:400)
at org.apache.poi.openxml4j.opc.OPCPackage.getParts(OPCPackage.java:950)
at org.apache.poi.openxml4j.opc.OPCPackage.open(OPCPackage.java:523)
at org.apache.poi.openxml4j.opc.OPCPackage.open(OPCPackage.java:490)
at org.apache.poi.ooxml.util.PackageHelper.open(PackageHelper.java:67)
at org.apache.poi.xssf.usermodel.XSSFWorkbook.<init>(XSSFWorkbook.java:315)
at org.apache.poi.xssf.usermodel.XSSFWorkbook.<init>(XSSFWorkbook.java:289)
at utilities.ExcelUtility.getStringData(ExcelUtility.java:24)
at testScript.LoginTest.verifiedUserIsAbleToLoginWithValidCredential(LoginTest.java:23)
at java.base/java.util.concurrent.Executors$RunnableAdapter.call(Executors.java:572)
at java.base/java.util.concurrent.FutureTask.run(FutureTask.java:317)
at java.base/java.util.concurrent.ThreadPoolExecutor.runWorker(ThreadPoolExecutor.java:1144)
at java.base/java.util.concurrent.ThreadPoolExecutor$Worker.run(ThreadPoolExecutor.java:642)
at java.base/java.lang.Thread.run(Thread.java:1583)
... Removed 11 stack frames]]>
    </failure>
  </testcase> <!-- verifiedUserIsAbleToLoginWithValidCredential -->
  <testcase classname="testScript.LoginTest" name="verifiedUserIsNotAbleToLoginWithInvalidUsername_Password" time="0.856">
    <failure type="java.io.IOException" message="Stream Closed">
      <![CDATA[java.io.IOException: Stream Closed
at java.base/java.io.FileInputStream.available0(Native Method)
at java.base/java.io.FileInputStream.available(FileInputStream.java:473)
at java.base/java.io.BufferedInputStream.implRead(BufferedInputStream.java:428)
at java.base/java.io.BufferedInputStream.read(BufferedInputStream.java:399)
at java.base/java.io.FilterInputStream.read(FilterInputStream.java:119)
at java.base/java.io.PushbackInputStream.read(PushbackInputStream.java:197)
at java.base/java.io.FilterInputStream.read(FilterInputStream.java:95)
at org.apache.commons.compress.archivers.zip.ZipArchiveInputStream.fill(ZipArchiveInputStream.java:541)
at org.apache.commons.compress.archivers.zip.ZipArchiveInputStream.readFromInflater(ZipArchiveInputStream.java:1071)
at org.apache.commons.compress.archivers.zip.ZipArchiveInputStream.readDeflated(ZipArchiveInputStream.java:998)
at org.apache.commons.compress.archivers.zip.ZipArchiveInputStream.read(ZipArchiveInputStream.java:929)
at java.base/java.io.FilterInputStream.read(FilterInputStream.java:119)
at org.apache.poi.openxml4j.util.ZipArchiveThresholdInputStream.read(ZipArchiveThresholdInputStream.java:78)
at org.apache.poi.util.IOUtils.toByteArray(IOUtils.java:271)
at org.apache.poi.util.IOUtils.toByteArray(IOUtils.java:235)
at org.apache.poi.openxml4j.util.ZipArchiveFakeEntry.<init>(ZipArchiveFakeEntry.java:93)
at org.apache.poi.openxml4j.util.ZipInputStreamZipEntrySource.<init>(ZipInputStreamZipEntrySource.java:114)
at org.apache.poi.openxml4j.opc.ZipPackage.<init>(ZipPackage.java:211)
at org.apache.poi.openxml4j.opc.OPCPackage.open(OPCPackage.java:517)
at org.apache.poi.openxml4j.opc.OPCPackage.open(OPCPackage.java:490)
at org.apache.poi.ooxml.util.PackageHelper.open(PackageHelper.java:67)
at org.apache.poi.xssf.usermodel.XSSFWorkbook.<init>(XSSFWorkbook.java:315)
at org.apache.poi.xssf.usermodel.XSSFWorkbook.<init>(XSSFWorkbook.java:289)
at utilities.ExcelUtility.getStringData(ExcelUtility.java:24)
at testScript.LoginTest.verifiedUserIsNotAbleToLoginWithInvalidUsername_Password(LoginTest.java:66)
at java.base/java.util.concurrent.Executors$RunnableAdapter.call(Executors.java:572)
at java.base/java.util.concurrent.FutureTask.run(FutureTask.java:317)
at java.base/java.util.concurrent.ThreadPoolExecutor.runWorker(ThreadPoolExecutor.java:1144)
at java.base/java.util.concurrent.ThreadPoolExecutor$Worker.run(ThreadPoolExecutor.java:642)
at java.base/java.lang.Thread.run(Thread.java:1583)
... Removed 11 stack frames]]>
    </failure>
  </testcase> <!-- verifiedUserIsNotAbleToLoginWithInvalidUsername_Password -->
  <testcase classname="testScript.LoginTest" name="verifiedUserIsNotAbleToLoginWithInvalidPassword" time="0.0">
    <ignored/>
  </testcase> <!-- verifiedUserIsNotAbleToLoginWithInvalidPassword -->
  <testcase classname="testScript.LoginTest" name="verifiedUserIsNotAbleToLoginWithInvalidUsername" time="0.0">
    <ignored/>
  </testcase> <!-- verifiedUserIsNotAbleToLoginWithInvalidUsername -->
</testsuite> <!-- EdgeTest -->
