<?xml version="1.0" encoding="UTF-8"?>
<testng-results ignored="0" total="2" passed="2" failed="0" skipped="0">
  <reporter-output>
  </reporter-output>
  <suite started-at="2026-03-11T20:41:06 IST" name="Suite" finished-at="2026-03-11T20:41:39 IST" duration-ms="33120">
    <groups>
      <group name="Regression">
        <method signature="LoginTest.verifiedUserIsAbleToLoginWithValidCredential()[pri:1, instance:testScript.LoginTest@3911c2a7]" name="verifiedUserIsAbleToLoginWithValidCredential" class="testScript.LoginTest"/>
      </group> <!-- Regression -->
    </groups>
    <test started-at="2026-03-11T20:41:06 IST" name="Test" finished-at="2026-03-11T20:41:39 IST" duration-ms="33120">
      <class name="testScript.LoginTest">
        <test-method is-config="true" signature="browser_Intialization(java.lang.String)[pri:0, instance:testScript.LoginTest@3911c2a7]" started-at="2026-03-11T20:41:06 IST" name="browser_Intialization" finished-at="2026-03-11T20:41:21 IST" duration-ms="15504" status="PASS">
          <params>
            <param index="0">
              <value>
                <![CDATA[edge]]>
              </value>
            </param>
          </params>
          <reporter-output>
          </reporter-output>
        </test-method> <!-- browser_Intialization -->
        <test-method signature="verifiedUserIsAbleToLoginWithValidCredential()[pri:1, instance:testScript.LoginTest@3911c2a7]" started-at="2026-03-11T20:41:21 IST" name="verifiedUserIsAbleToLoginWithValidCredential" finished-at="2026-03-11T20:41:28 IST" duration-ms="6393" status="PASS">
          <reporter-output>
          </reporter-output>
        </test-method> <!-- verifiedUserIsAbleToLoginWithValidCredential -->
        <test-method is-config="true" signature="browser_Intialization(java.lang.String)[pri:0, instance:testScript.LoginTest@3911c2a7]" started-at="2026-03-11T20:41:28 IST" name="browser_Intialization" finished-at="2026-03-11T20:41:34 IST" duration-ms="5790" status="PASS">
          <params>
            <param index="0">
              <value>
                <![CDATA[edge]]>
              </value>
            </param>
          </params>
          <reporter-output>
          </reporter-output>
        </test-method> <!-- browser_Intialization -->
        <test-method signature="verifiedUserIsNotAbleToLoginWithInvalidUsername()[pri:2, instance:testScript.LoginTest@3911c2a7]" started-at="2026-03-11T20:41:34 IST" name="verifiedUserIsNotAbleToLoginWithInvalidUsername" finished-at="2026-03-11T20:41:39 IST" duration-ms="5119" status="PASS">
          <reporter-output>
          </reporter-output>
        </test-method> <!-- verifiedUserIsNotAbleToLoginWithInvalidUsername -->
      </class> <!-- testScript.LoginTest -->
    </test> <!-- Test -->
  </suite> <!-- Suite -->
</testng-results>
