<?xml version="1.0" encoding="UTF-8"?>
<testng-results ignored="0" total="4" passed="4" failed="0" skipped="0">
  <reporter-output>
  </reporter-output>
  <suite started-at="2026-03-16T19:46:53 IST" name="Suite" finished-at="2026-03-16T19:48:00 IST" duration-ms="67231">
    <groups>
      <group name="Regression">
        <method signature="LoginTest.verifiedUserIsAbleToLoginWithValidCredential()[pri:1, instance:testScript.LoginTest@3911c2a7]" name="verifiedUserIsAbleToLoginWithValidCredential" class="testScript.LoginTest"/>
      </group> <!-- Regression -->
    </groups>
    <test started-at="2026-03-16T19:46:53 IST" name="Test" finished-at="2026-03-16T19:48:00 IST" duration-ms="67231">
      <class name="testScript.LoginTest">
        <test-method is-config="true" signature="browser_Intialization(java.lang.String)[pri:0, instance:testScript.LoginTest@3911c2a7]" started-at="2026-03-16T19:46:53 IST" name="browser_Intialization" finished-at="2026-03-16T19:47:07 IST" duration-ms="13878" status="PASS">
          <params>
            <param index="0">
              <value>
                <![CDATA[edge]]>
              </value>
            </param>
          </params>
          <reporter-output>
          </reporter-output>
        </test-method> <!-- browser_Intialization -->
        <test-method signature="verifiedUserIsAbleToLoginWithValidCredential()[pri:1, instance:testScript.LoginTest@3911c2a7]" started-at="2026-03-16T19:47:07 IST" name="verifiedUserIsAbleToLoginWithValidCredential" finished-at="2026-03-16T19:47:15 IST" duration-ms="8748" status="PASS">
          <reporter-output>
          </reporter-output>
        </test-method> <!-- verifiedUserIsAbleToLoginWithValidCredential -->
        <test-method is-config="true" signature="browser_Intialization(java.lang.String)[pri:0, instance:testScript.LoginTest@3911c2a7]" started-at="2026-03-16T19:47:16 IST" name="browser_Intialization" finished-at="2026-03-16T19:47:24 IST" duration-ms="8598" status="PASS">
          <params>
            <param index="0">
              <value>
                <![CDATA[edge]]>
              </value>
            </param>
          </params>
          <reporter-output>
          </reporter-output>
        </test-method> <!-- browser_Intialization -->
        <test-method signature="verifiedUserIsNotAbleToLoginWithInvalidUsername()[pri:2, instance:testScript.LoginTest@3911c2a7]" started-at="2026-03-16T19:47:24 IST" name="verifiedUserIsNotAbleToLoginWithInvalidUsername" finished-at="2026-03-16T19:47:27 IST" duration-ms="2561" status="PASS">
          <reporter-output>
          </reporter-output>
        </test-method> <!-- verifiedUserIsNotAbleToLoginWithInvalidUsername -->
        <test-method is-config="true" signature="browser_Intialization(java.lang.String)[pri:0, instance:testScript.LoginTest@3911c2a7]" started-at="2026-03-16T19:47:27 IST" name="browser_Intialization" finished-at="2026-03-16T19:47:37 IST" duration-ms="9893" status="PASS">
          <params>
            <param index="0">
              <value>
                <![CDATA[edge]]>
              </value>
            </param>
          </params>
          <reporter-output>
          </reporter-output>
        </test-method> <!-- browser_Intialization -->
        <test-method signature="verifiedUserIsNotAbleToLoginWithInvalidPassword()[pri:3, instance:testScript.LoginTest@3911c2a7]" started-at="2026-03-16T19:47:37 IST" name="verifiedUserIsNotAbleToLoginWithInvalidPassword" finished-at="2026-03-16T19:47:44 IST" duration-ms="7268" status="PASS">
          <reporter-output>
          </reporter-output>
        </test-method> <!-- verifiedUserIsNotAbleToLoginWithInvalidPassword -->
        <test-method is-config="true" signature="browser_Intialization(java.lang.String)[pri:0, instance:testScript.LoginTest@3911c2a7]" started-at="2026-03-16T19:47:44 IST" name="browser_Intialization" finished-at="2026-03-16T19:47:56 IST" duration-ms="11354" status="PASS">
          <params>
            <param index="0">
              <value>
                <![CDATA[edge]]>
              </value>
            </param>
          </params>
          <reporter-output>
          </reporter-output>
        </test-method> <!-- browser_Intialization -->
        <test-method signature="verifiedUserIsNotAbleToLoginWithInvalidUsername_Password()[pri:4, instance:testScript.LoginTest@3911c2a7]" started-at="2026-03-16T19:47:56 IST" name="verifiedUserIsNotAbleToLoginWithInvalidUsername_Password" finished-at="2026-03-16T19:48:00 IST" duration-ms="4183" status="PASS">
          <reporter-output>
          </reporter-output>
        </test-method> <!-- verifiedUserIsNotAbleToLoginWithInvalidUsername_Password -->
      </class> <!-- testScript.LoginTest -->
    </test> <!-- Test -->
  </suite> <!-- Suite -->
</testng-results>
