<?xml version="1.0" encoding="UTF-8"?>
<!-- Generated by org.testng.reporters.JUnitReportReporter -->
<testsuite hostname="DESKTOP-5KK9CUH" failures="0" tests="2" name="testScript.LoginTest" time="32.806" errors="0" timestamp="2026-03-11T20:41:40 IST" skipped="0">
  <testcase classname="testScript.LoginTest" name="verifiedUserIsAbleToLoginWithValidCredential" time="21.897"/>
  <testcase classname="testScript.LoginTest" name="verifiedUserIsNotAbleToLoginWithInvalidUsername" time="10.909"/>
</testsuite> <!-- testScript.LoginTest -->
