<?xml version="1.0" encoding="UTF-8"?>
<!-- Generated by org.testng.reporters.JUnitXMLReporter -->
<testsuite ignored="2" hostname="DESKTOP-5KK9CUH" failures="0" tests="2" name="ChromeTest" time="19.139" errors="0" timestamp="2026-03-09T21:22:36 IST">
  <testcase classname="testScript.LoginTest" name="verifiedUserIsAbleToLoginWithValidCredential" time="0.0">
    <skipped/>
  </testcase> <!-- verifiedUserIsAbleToLoginWithValidCredential -->
  <testcase classname="testScript.LoginTest" name="verifiedUserIsNotAbleToLoginWithInvalidUsername_Password" time="0.0">
    <skipped/>
  </testcase> <!-- verifiedUserIsNotAbleToLoginWithInvalidUsername_Password -->
  <testcase classname="testScript.LoginTest" name="verifiedUserIsNotAbleToLoginWithInvalidUsername" time="0.0">
    <ignored/>
  </testcase> <!-- verifiedUserIsNotAbleToLoginWithInvalidUsername -->
  <testcase classname="testScript.LoginTest" name="verifiedUserIsNotAbleToLoginWithInvalidPassword" time="0.0">
    <ignored/>
  </testcase> <!-- verifiedUserIsNotAbleToLoginWithInvalidPassword -->
</testsuite> <!-- ChromeTest -->
