<?xml version="1.0" encoding="UTF-8"?>
<!-- Generated by org.testng.reporters.JUnitXMLReporter -->
<testsuite ignored="2" hostname="DESKTOP-5KK9CUH" failures="0" tests="2" name="Test" time="33.12" errors="0" timestamp="2026-03-11T20:41:39 IST">
  <testcase classname="testScript.LoginTest" name="verifiedUserIsAbleToLoginWithValidCredential" time="6.393"/>
  <testcase classname="testScript.LoginTest" name="verifiedUserIsNotAbleToLoginWithInvalidUsername" time="5.119"/>
  <testcase classname="testScript.LoginTest" name="verifiedUserIsNotAbleToLoginWithInvalidUsername_Password" time="0.0">
    <ignored/>
  </testcase> <!-- verifiedUserIsNotAbleToLoginWithInvalidUsername_Password -->
  <testcase classname="testScript.LoginTest" name="verifiedUserIsNotAbleToLoginWithInvalidPassword" time="0.0">
    <ignored/>
  </testcase> <!-- verifiedUserIsNotAbleToLoginWithInvalidPassword -->
</testsuite> <!-- Test -->
