<?xml version="1.0" encoding="UTF-8"?>
<!-- Generated by org.testng.reporters.JUnitReportReporter -->
<testsuite hostname="DESKTOP-5KK9CUH" failures="0" tests="4" name="testScript.Login" time="34.285" errors="0" timestamp="2026-03-02T20:38:11 IST" skipped="0">
  <testcase classname="testScript.Login" name="login" time="7.461"/>
  <testcase classname="testScript.Login" name="loginFirst" time="7.551"/>
  <testcase classname="testScript.Login" name="loginSecond" time="8.891"/>
  <testcase classname="testScript.Login" name="loginThird" time="10.382"/>
</testsuite> <!-- testScript.Login -->
