<?xml version="1.0" encoding="UTF-8"?>
<!-- Generated by org.testng.reporters.JUnitReportReporter -->
<testsuite hostname="DESKTOP-5KK9CUH" failures="0" tests="4" name="testScript.LoginTest" time="22.015" errors="0" timestamp="2026-03-11T22:33:17 IST" skipped="0">
  <testcase classname="testScript.LoginTest" name="verifiedUserIsAbleToLoginWithValidCredential" time="5.445"/>
  <testcase classname="testScript.LoginTest" name="verifiedUserIsNotAbleToLoginWithInvalidUsername" time="8.285"/>
  <testcase classname="testScript.LoginTest" name="verifiedUserIsNotAbleToLoginWithInvalidPassword" time="4.092"/>
  <testcase classname="testScript.LoginTest" name="verifiedUserIsNotAbleToLoginWithInvalidUsername_Password" time="4.193"/>
</testsuite> <!-- testScript.LoginTest -->
